INFO[0000] Trash! Reading file: 'vendor.conf'
INFO[0000] Using 'github.com/aiwantaozi/infra-logging' as the project's root package (from vendor.conf)
INFO[0000] Checking out 'github.com/PuerkitoBio/purell', commit: 'v1.1.0-7-gfd18e05'
INFO[0000] Checking out 'github.com/PuerkitoBio/urlesc', commit: 'de5bf2a'
INFO[0000] Checking out 'github.com/Sirupsen/logrus', commit: 'v1.0.3-11-g89742ae'
INFO[0000] Checking out 'github.com/aiwantaozi/infra-logging-client', commit: 'master'
INFO[0000] Fetching latest commits from 'origin' for 'github.com/aiwantaozi/infra-logging-client'
INFO[0001] Checking out 'github.com/beorn7/perks', commit: '4c0e845'
INFO[0001] Checking out 'github.com/blang/semver', commit: 'v3.5.1'
INFO[0001] Preparing cache for 'github.com/coreos/prometheus-operator'
INFO[0367] Checking out 'github.com/coreos/prometheus-operator', commit: 'v0.13.0-70-gee32a18'
INFO[0367] Checking out 'github.com/davecgh/go-spew', commit: 'v1.1.0-9-gecdeabc'
INFO[0367] Checking out 'github.com/docker/distribution/digest', commit: 'v2.6.0'
INFO[0367] Checking out 'github.com/docker/distribution/reference', commit: 'v2.6.0'
INFO[0367] Checking out 'github.com/emicklei/go-restful', commit: 'v2.4.0-4-gdc0f94e'
INFO[0367] Checking out 'github.com/emicklei/go-restful-swagger12', commit: '1.0.1'
INFO[0368] Checking out 'github.com/ghodss/yaml', commit: 'v1.0.0'
INFO[0368] Preparing cache for 'github.com/go-fsnotify/fsnotify'
INFO[0454] Checking out 'github.com/go-fsnotify/fsnotify', commit: 'v1.4.2'
INFO[0454] Preparing cache for 'github.com/go-kit/kit'
INFO[0558] Checking out 'github.com/go-kit/kit', commit: 'fe6fe28'
INFO[0558] Preparing cache for 'github.com/go-logfmt/logfmt'
INFO[0561] Checking out 'github.com/go-logfmt/logfmt', commit: 'v0.3.0'
INFO[0561] Checking out 'github.com/go-openapi/jsonpointer', commit: '779f453'
INFO[0561] Checking out 'github.com/go-openapi/jsonreference', commit: '36d33bf'
INFO[0561] Checking out 'github.com/go-openapi/loads', commit: 'master'
INFO[0561] Fetching latest commits from 'origin' for 'github.com/go-openapi/loads'
INFO[0562] Checking out 'github.com/go-openapi/spec', commit: '48c2a71'
INFO[0562] Checking out 'github.com/go-openapi/swag', commit: '0e04f5e'
INFO[0562] Preparing cache for 'github.com/go-stack/stack'
INFO[0566] Checking out 'github.com/go-stack/stack', commit: 'v1.6.0'
INFO[0566] Checking out 'github.com/gogo/protobuf', commit: 'v0.5-6-g0c5dcd73'
INFO[0566] Checking out 'github.com/golang/glog', commit: '23def4e'
INFO[0566] Checking out 'github.com/golang/protobuf', commit: '130e6b0'
INFO[0566] Checking out 'github.com/google/btree', commit: '316fb6d'
INFO[0566] Checking out 'github.com/google/gofuzz', commit: '24818f7'
INFO[0566] Checking out 'github.com/googleapis/gnostic', commit: 'v0.1.0-2-g3df79aa'
INFO[0566] Checking out 'github.com/gregjones/httpcache', commit: 'c1f8028'
INFO[0566] Preparing cache for 'github.com/hashicorp/go-version'
INFO[0569] Checking out 'github.com/hashicorp/go-version', commit: 'fc61389'
INFO[0569] Preparing cache for 'github.com/hashicorp/golang-lru'
INFO[0571] Checking out 'github.com/hashicorp/golang-lru', commit: '0a025b7'
INFO[0571] Checking out 'github.com/howeyc/gopass', commit: 'bf9dde6'
INFO[0571] Checking out 'github.com/imdario/mergo', commit: '0.2.4'
INFO[0571] Checking out 'github.com/json-iterator/go', commit: '1.0.3'
INFO[0571] Checking out 'github.com/juju/ratelimit', commit: '5b9ff86'
INFO[0571] Preparing cache for 'github.com/kr/logfmt'
INFO[0575] Checking out 'github.com/kr/logfmt', commit: 'b84e30a'
INFO[0575] Checking out 'github.com/mailru/easyjson', commit: 'e978125a'
INFO[0575] Checking out 'github.com/matttproud/golang_protobuf_extensions', commit: 'v1.0.0-2-gc12348c'
INFO[0575] Checking out 'github.com/petar/GoLLRB', commit: '53be0d3'
INFO[0575] Checking out 'github.com/peterbourgon/diskv', commit: 'v2.0.1'
INFO[0575] Checking out 'github.com/pkg/errors', commit: 'v0.8.0-6-g2b3a18b'
INFO[0575] Checking out 'github.com/prometheus/client_golang', commit: 'v0.9.0-pre1-11-g5cec1d0'
INFO[0575] Checking out 'github.com/prometheus/client_model', commit: 'model-0.0.2-14-g6f38060'
INFO[0575] Checking out 'github.com/prometheus/common', commit: '1bab55d'
INFO[0575] Checking out 'github.com/prometheus/procfs', commit: 'e645f4e'
INFO[0575] Checking out 'github.com/satori/go.uuid', commit: '5bf94b6'
INFO[0575] Preparing cache for 'github.com/sergi/go-diff/diffmatchpatch'
INFO[0584] Checking out 'github.com/sergi/go-diff/diffmatchpatch', commit: 'd7be4c8'
INFO[0584] Checking out 'github.com/spf13/pflag', commit: 'v1.0.0-8-g1f33b80'
INFO[0584] Checking out 'github.com/ugorji/go/codec', commit: 'f1f1a80'
INFO[0584] Checking out 'github.com/urfave/cli', commit: 'v1.20.0-28-g7bc6a0a'
INFO[0584] Checking out 'golang.org/x/crypto', commit: '9419663'
INFO[0584] Checking out 'golang.org/x/net', commit: 'e90d6d0'
INFO[0584] Checking out 'golang.org/x/sys', commit: '8dbc5d0'
INFO[0584] Checking out 'golang.org/x/text', commit: 'c01e476'
INFO[0584] Checking out 'gopkg.in/inf.v0', commit: 'v0.9.0'
INFO[0584] Checking out 'gopkg.in/yaml.v2', commit: 'eb3733d'
INFO[0584] Checking out 'k8s.io/api', commit: 'kubernetes-1.8.0-beta.0-74-g409c3b23'
INFO[0585] Checking out 'k8s.io/apiextensions-apiserver', commit: '5fa4460'
INFO[0585] Checking out 'k8s.io/apimachinery', commit: 'abe34e4'
INFO[0585] Checking out 'k8s.io/client-go', commit: 'df46f7f'
INFO[0585] Checking out 'k8s.io/client-go/pkg/apis/authorization/v1', commit: 'df46f7f'
INFO[0585] Checking out 'k8s.io/kube-openapi', commit: 'abfc5fb'
INFO[0585] Checking out 'k8s.io/kubernetes', commit: 'v1.9.0-alpha.1-1243-gd7e56d5330'
INFO[0586] Copying deps...
INFO[0607] Copying deps... Done
INFO[0607] removing '/Users/fengcaixiao/Desktop/tempwork/src/github.com/aiwantaozi/infra-logging/vendor/github.com/PuerkitoBio/purell/.git
INFO[0607] removing '/Users/fengcaixiao/Desktop/tempwork/src/github.com/aiwantaozi/infra-logging/vendor/github.com/PuerkitoBio/urlesc/.git
INFO[0607] removing '/Users/fengcaixiao/Desktop/tempwork/src/github.com/aiwantaozi/infra-logging/vendor/github.com/Sirupsen/logrus/.git
INFO[0607] removing '/Users/fengcaixiao/Desktop/tempwork/src/github.com/aiwantaozi/infra-logging/vendor/github.com/aiwantaozi/infra-logging-client/.git
INFO[0607] removing '/Users/fengcaixiao/Desktop/tempwork/src/github.com/aiwantaozi/infra-logging/vendor/github.com/beorn7/perks/.git
INFO[0607] removing '/Users/fengcaixiao/Desktop/tempwork/src/github.com/aiwantaozi/infra-logging/vendor/github.com/blang/semver/.git
INFO[0607] removing '/Users/fengcaixiao/Desktop/tempwork/src/github.com/aiwantaozi/infra-logging/vendor/github.com/coreos/prometheus-operator/.git
INFO[0607] removing '/Users/fengcaixiao/Desktop/tempwork/src/github.com/aiwantaozi/infra-logging/vendor/github.com/davecgh/go-spew/.git
INFO[0607] removing '/Users/fengcaixiao/Desktop/tempwork/src/github.com/aiwantaozi/infra-logging/vendor/github.com/emicklei/go-restful/.git
INFO[0607] removing '/Users/fengcaixiao/Desktop/tempwork/src/github.com/aiwantaozi/infra-logging/vendor/github.com/emicklei/go-restful-swagger12/.git
INFO[0607] removing '/Users/fengcaixiao/Desktop/tempwork/src/github.com/aiwantaozi/infra-logging/vendor/github.com/ghodss/yaml/.git
INFO[0607] removing '/Users/fengcaixiao/Desktop/tempwork/src/github.com/aiwantaozi/infra-logging/vendor/github.com/go-fsnotify/fsnotify/.git
INFO[0607] removing '/Users/fengcaixiao/Desktop/tempwork/src/github.com/aiwantaozi/infra-logging/vendor/github.com/go-kit/kit/.git
INFO[0607] removing '/Users/fengcaixiao/Desktop/tempwork/src/github.com/aiwantaozi/infra-logging/vendor/github.com/go-logfmt/logfmt/.git
INFO[0607] removing '/Users/fengcaixiao/Desktop/tempwork/src/github.com/aiwantaozi/infra-logging/vendor/github.com/go-openapi/jsonpointer/.git
INFO[0607] removing '/Users/fengcaixiao/Desktop/tempwork/src/github.com/aiwantaozi/infra-logging/vendor/github.com/go-openapi/jsonreference/.git
INFO[0607] removing '/Users/fengcaixiao/Desktop/tempwork/src/github.com/aiwantaozi/infra-logging/vendor/github.com/go-openapi/loads/.git
INFO[0607] removing '/Users/fengcaixiao/Desktop/tempwork/src/github.com/aiwantaozi/infra-logging/vendor/github.com/go-openapi/spec/.git
INFO[0607] removing '/Users/fengcaixiao/Desktop/tempwork/src/github.com/aiwantaozi/infra-logging/vendor/github.com/go-openapi/swag/.git
INFO[0607] removing '/Users/fengcaixiao/Desktop/tempwork/src/github.com/aiwantaozi/infra-logging/vendor/github.com/go-stack/stack/.git
INFO[0607] removing '/Users/fengcaixiao/Desktop/tempwork/src/github.com/aiwantaozi/infra-logging/vendor/github.com/gogo/protobuf/.git
INFO[0607] removing '/Users/fengcaixiao/Desktop/tempwork/src/github.com/aiwantaozi/infra-logging/vendor/github.com/golang/glog/.git
INFO[0607] removing '/Users/fengcaixiao/Desktop/tempwork/src/github.com/aiwantaozi/infra-logging/vendor/github.com/golang/protobuf/.git
INFO[0607] removing '/Users/fengcaixiao/Desktop/tempwork/src/github.com/aiwantaozi/infra-logging/vendor/github.com/google/btree/.git
INFO[0607] removing '/Users/fengcaixiao/Desktop/tempwork/src/github.com/aiwantaozi/infra-logging/vendor/github.com/google/gofuzz/.git
INFO[0607] removing '/Users/fengcaixiao/Desktop/tempwork/src/github.com/aiwantaozi/infra-logging/vendor/github.com/googleapis/gnostic/.git
INFO[0607] removing '/Users/fengcaixiao/Desktop/tempwork/src/github.com/aiwantaozi/infra-logging/vendor/github.com/gregjones/httpcache/.git
INFO[0607] removing '/Users/fengcaixiao/Desktop/tempwork/src/github.com/aiwantaozi/infra-logging/vendor/github.com/hashicorp/go-version/.git
INFO[0607] removing '/Users/fengcaixiao/Desktop/tempwork/src/github.com/aiwantaozi/infra-logging/vendor/github.com/hashicorp/golang-lru/.git
INFO[0607] removing '/Users/fengcaixiao/Desktop/tempwork/src/github.com/aiwantaozi/infra-logging/vendor/github.com/howeyc/gopass/.git
INFO[0607] removing '/Users/fengcaixiao/Desktop/tempwork/src/github.com/aiwantaozi/infra-logging/vendor/github.com/imdario/mergo/.git
INFO[0607] removing '/Users/fengcaixiao/Desktop/tempwork/src/github.com/aiwantaozi/infra-logging/vendor/github.com/json-iterator/go/.git
INFO[0607] removing '/Users/fengcaixiao/Desktop/tempwork/src/github.com/aiwantaozi/infra-logging/vendor/github.com/juju/ratelimit/.git
INFO[0607] removing '/Users/fengcaixiao/Desktop/tempwork/src/github.com/aiwantaozi/infra-logging/vendor/github.com/kr/logfmt/.git
INFO[0607] removing '/Users/fengcaixiao/Desktop/tempwork/src/github.com/aiwantaozi/infra-logging/vendor/github.com/mailru/easyjson/.git
INFO[0607] removing '/Users/fengcaixiao/Desktop/tempwork/src/github.com/aiwantaozi/infra-logging/vendor/github.com/matttproud/golang_protobuf_extensions/.git
INFO[0607] removing '/Users/fengcaixiao/Desktop/tempwork/src/github.com/aiwantaozi/infra-logging/vendor/github.com/petar/GoLLRB/.git
INFO[0607] removing '/Users/fengcaixiao/Desktop/tempwork/src/github.com/aiwantaozi/infra-logging/vendor/github.com/peterbourgon/diskv/.git
INFO[0607] removing '/Users/fengcaixiao/Desktop/tempwork/src/github.com/aiwantaozi/infra-logging/vendor/github.com/pkg/errors/.git
INFO[0607] removing '/Users/fengcaixiao/Desktop/tempwork/src/github.com/aiwantaozi/infra-logging/vendor/github.com/prometheus/client_golang/.git
INFO[0607] removing '/Users/fengcaixiao/Desktop/tempwork/src/github.com/aiwantaozi/infra-logging/vendor/github.com/prometheus/client_model/.git
INFO[0607] removing '/Users/fengcaixiao/Desktop/tempwork/src/github.com/aiwantaozi/infra-logging/vendor/github.com/prometheus/common/.git
INFO[0607] removing '/Users/fengcaixiao/Desktop/tempwork/src/github.com/aiwantaozi/infra-logging/vendor/github.com/prometheus/procfs/.git
INFO[0607] removing '/Users/fengcaixiao/Desktop/tempwork/src/github.com/aiwantaozi/infra-logging/vendor/github.com/satori/go.uuid/.git
INFO[0607] removing '/Users/fengcaixiao/Desktop/tempwork/src/github.com/aiwantaozi/infra-logging/vendor/github.com/spf13/pflag/.git
INFO[0607] removing '/Users/fengcaixiao/Desktop/tempwork/src/github.com/aiwantaozi/infra-logging/vendor/github.com/urfave/cli/.git
INFO[0607] removing '/Users/fengcaixiao/Desktop/tempwork/src/github.com/aiwantaozi/infra-logging/vendor/golang.org/x/crypto/.git
INFO[0607] removing '/Users/fengcaixiao/Desktop/tempwork/src/github.com/aiwantaozi/infra-logging/vendor/golang.org/x/net/.git
INFO[0607] removing '/Users/fengcaixiao/Desktop/tempwork/src/github.com/aiwantaozi/infra-logging/vendor/golang.org/x/sys/.git
INFO[0607] removing '/Users/fengcaixiao/Desktop/tempwork/src/github.com/aiwantaozi/infra-logging/vendor/golang.org/x/text/.git
INFO[0607] removing '/Users/fengcaixiao/Desktop/tempwork/src/github.com/aiwantaozi/infra-logging/vendor/gopkg.in/inf.v0/.git
INFO[0607] removing '/Users/fengcaixiao/Desktop/tempwork/src/github.com/aiwantaozi/infra-logging/vendor/gopkg.in/yaml.v2/.git
INFO[0607] removing '/Users/fengcaixiao/Desktop/tempwork/src/github.com/aiwantaozi/infra-logging/vendor/k8s.io/api/.git
INFO[0607] removing '/Users/fengcaixiao/Desktop/tempwork/src/github.com/aiwantaozi/infra-logging/vendor/k8s.io/apiextensions-apiserver/.git
INFO[0607] removing '/Users/fengcaixiao/Desktop/tempwork/src/github.com/aiwantaozi/infra-logging/vendor/k8s.io/apimachinery/.git
INFO[0607] removing '/Users/fengcaixiao/Desktop/tempwork/src/github.com/aiwantaozi/infra-logging/vendor/k8s.io/client-go/.git
INFO[0607] removing '/Users/fengcaixiao/Desktop/tempwork/src/github.com/aiwantaozi/infra-logging/vendor/k8s.io/kube-openapi/.git
INFO[0607] removing '/Users/fengcaixiao/Desktop/tempwork/src/github.com/aiwantaozi/infra-logging/vendor/k8s.io/kubernetes/.git
INFO[0608] Checking out 'github.com/PuerkitoBio/purell', commit: 'v1.1.0-7-gfd18e05'
INFO[0608] Checking out 'github.com/PuerkitoBio/urlesc', commit: 'de5bf2a'
INFO[0608] Checking out 'github.com/Sirupsen/logrus', commit: 'v1.0.3-11-g89742ae'
INFO[0608] Checking out 'github.com/aiwantaozi/infra-logging-client', commit: 'master'
INFO[0608] Fetching latest commits from 'origin' for 'github.com/aiwantaozi/infra-logging-client'
INFO[0609] Checking out 'github.com/beorn7/perks', commit: '4c0e845'
INFO[0609] Checking out 'github.com/blang/semver', commit: 'v3.5.1'
INFO[0609] Checking out 'github.com/coreos/prometheus-operator', commit: 'v0.13.0-70-gee32a18'
INFO[0609] Checking out 'github.com/davecgh/go-spew', commit: 'v1.1.0-9-gecdeabc'
INFO[0609] Checking out 'github.com/docker/distribution/digest', commit: 'v2.6.0'
INFO[0609] Checking out 'github.com/docker/distribution/reference', commit: 'v2.6.0'
INFO[0609] Checking out 'github.com/emicklei/go-restful', commit: 'v2.4.0-4-gdc0f94e'
INFO[0609] Checking out 'github.com/emicklei/go-restful-swagger12', commit: '1.0.1'
INFO[0609] Checking out 'github.com/ghodss/yaml', commit: 'v1.0.0'
INFO[0609] Checking out 'github.com/go-fsnotify/fsnotify', commit: 'v1.4.2'
INFO[0609] Checking out 'github.com/go-kit/kit', commit: 'fe6fe28'
INFO[0609] Checking out 'github.com/go-logfmt/logfmt', commit: 'v0.3.0'
INFO[0610] Checking out 'github.com/go-openapi/jsonpointer', commit: '779f453'
INFO[0610] Checking out 'github.com/go-openapi/jsonreference', commit: '36d33bf'
INFO[0610] Checking out 'github.com/go-openapi/loads', commit: 'master'
INFO[0610] Fetching latest commits from 'origin' for 'github.com/go-openapi/loads'
INFO[0611] Checking out 'github.com/go-openapi/spec', commit: '48c2a71'
INFO[0612] Checking out 'github.com/go-openapi/swag', commit: '0e04f5e'
INFO[0612] Checking out 'github.com/go-stack/stack', commit: 'v1.6.0'
INFO[0612] Checking out 'github.com/gogo/protobuf', commit: 'v0.5-6-g0c5dcd73'
INFO[0612] Checking out 'github.com/golang/glog', commit: '23def4e'
INFO[0612] Checking out 'github.com/golang/protobuf', commit: '130e6b0'
INFO[0612] Checking out 'github.com/google/btree', commit: '316fb6d'
INFO[0612] Checking out 'github.com/google/gofuzz', commit: '24818f7'
INFO[0612] Checking out 'github.com/googleapis/gnostic', commit: 'v0.1.0-2-g3df79aa'
INFO[0612] Checking out 'github.com/gregjones/httpcache', commit: 'c1f8028'
INFO[0612] Checking out 'github.com/hashicorp/go-version', commit: 'fc61389'
INFO[0612] Checking out 'github.com/hashicorp/golang-lru', commit: '0a025b7'
INFO[0612] Checking out 'github.com/howeyc/gopass', commit: 'bf9dde6'
INFO[0612] Checking out 'github.com/imdario/mergo', commit: '0.2.4'
INFO[0612] Checking out 'github.com/json-iterator/go', commit: '1.0.3'
INFO[0612] Checking out 'github.com/juju/ratelimit', commit: '5b9ff86'
INFO[0612] Checking out 'github.com/kr/logfmt', commit: 'b84e30a'
INFO[0612] Checking out 'github.com/mailru/easyjson', commit: 'e978125a'
INFO[0612] Checking out 'github.com/matttproud/golang_protobuf_extensions', commit: 'v1.0.0-2-gc12348c'
INFO[0612] Checking out 'github.com/petar/GoLLRB', commit: '53be0d3'
INFO[0612] Checking out 'github.com/peterbourgon/diskv', commit: 'v2.0.1'
INFO[0612] Checking out 'github.com/pkg/errors', commit: 'v0.8.0-6-g2b3a18b'
INFO[0612] Checking out 'github.com/prometheus/client_golang', commit: 'v0.9.0-pre1-11-g5cec1d0'
INFO[0612] Checking out 'github.com/prometheus/client_model', commit: 'model-0.0.2-14-g6f38060'
INFO[0612] Checking out 'github.com/prometheus/common', commit: '1bab55d'
INFO[0613] Checking out 'github.com/prometheus/procfs', commit: 'e645f4e'
INFO[0613] Checking out 'github.com/satori/go.uuid', commit: '5bf94b6'
INFO[0613] Checking out 'github.com/sergi/go-diff/diffmatchpatch', commit: 'd7be4c8'
INFO[0613] Checking out 'github.com/spf13/pflag', commit: 'v1.0.0-8-g1f33b80'
INFO[0613] Checking out 'github.com/ugorji/go/codec', commit: 'f1f1a80'
INFO[0613] Checking out 'github.com/urfave/cli', commit: 'v1.20.0-28-g7bc6a0a'
INFO[0613] Checking out 'golang.org/x/crypto', commit: '9419663'
INFO[0613] Checking out 'golang.org/x/net', commit: 'e90d6d0'
INFO[0613] Checking out 'golang.org/x/sys', commit: '8dbc5d0'
INFO[0613] Checking out 'golang.org/x/text', commit: 'c01e476'
INFO[0613] Checking out 'gopkg.in/inf.v0', commit: 'v0.9.0'
INFO[0613] Checking out 'gopkg.in/yaml.v2', commit: 'eb3733d'
INFO[0613] Checking out 'k8s.io/api', commit: 'kubernetes-1.8.0-beta.0-74-g409c3b23'
INFO[0613] Checking out 'k8s.io/apiextensions-apiserver', commit: '5fa4460'
INFO[0613] Checking out 'k8s.io/apimachinery', commit: 'abe34e4'
INFO[0613] Checking out 'k8s.io/client-go', commit: 'df46f7f'
INFO[0613] Checking out 'k8s.io/client-go/pkg/apis/authorization/v1', commit: 'df46f7f'
INFO[0613] Checking out 'k8s.io/kube-openapi', commit: 'abfc5fb'
INFO[0613] Checking out 'k8s.io/kubernetes', commit: 'v1.9.0-alpha.1-1243-gd7e56d5330'
INFO[0617] Copying deps...
INFO[0634] Copying deps... Done
INFO[0634] removing '/Users/fengcaixiao/Desktop/tempwork/src/github.com/aiwantaozi/infra-logging/vendor/github.com/PuerkitoBio/purell/.git
INFO[0634] removing '/Users/fengcaixiao/Desktop/tempwork/src/github.com/aiwantaozi/infra-logging/vendor/github.com/PuerkitoBio/urlesc/.git
INFO[0634] removing '/Users/fengcaixiao/Desktop/tempwork/src/github.com/aiwantaozi/infra-logging/vendor/github.com/Sirupsen/logrus/.git
INFO[0634] removing '/Users/fengcaixiao/Desktop/tempwork/src/github.com/aiwantaozi/infra-logging/vendor/github.com/aiwantaozi/infra-logging-client/.git
INFO[0634] removing '/Users/fengcaixiao/Desktop/tempwork/src/github.com/aiwantaozi/infra-logging/vendor/github.com/beorn7/perks/.git
INFO[0634] removing '/Users/fengcaixiao/Desktop/tempwork/src/github.com/aiwantaozi/infra-logging/vendor/github.com/blang/semver/.git
INFO[0634] removing '/Users/fengcaixiao/Desktop/tempwork/src/github.com/aiwantaozi/infra-logging/vendor/github.com/coreos/prometheus-operator/.git
INFO[0634] removing '/Users/fengcaixiao/Desktop/tempwork/src/github.com/aiwantaozi/infra-logging/vendor/github.com/davecgh/go-spew/.git
INFO[0634] removing '/Users/fengcaixiao/Desktop/tempwork/src/github.com/aiwantaozi/infra-logging/vendor/github.com/emicklei/go-restful/.git
INFO[0634] removing '/Users/fengcaixiao/Desktop/tempwork/src/github.com/aiwantaozi/infra-logging/vendor/github.com/emicklei/go-restful-swagger12/.git
INFO[0634] removing '/Users/fengcaixiao/Desktop/tempwork/src/github.com/aiwantaozi/infra-logging/vendor/github.com/ghodss/yaml/.git
INFO[0634] removing '/Users/fengcaixiao/Desktop/tempwork/src/github.com/aiwantaozi/infra-logging/vendor/github.com/go-fsnotify/fsnotify/.git
INFO[0634] removing '/Users/fengcaixiao/Desktop/tempwork/src/github.com/aiwantaozi/infra-logging/vendor/github.com/go-kit/kit/.git
INFO[0634] removing '/Users/fengcaixiao/Desktop/tempwork/src/github.com/aiwantaozi/infra-logging/vendor/github.com/go-logfmt/logfmt/.git
INFO[0634] removing '/Users/fengcaixiao/Desktop/tempwork/src/github.com/aiwantaozi/infra-logging/vendor/github.com/go-openapi/jsonpointer/.git
INFO[0634] removing '/Users/fengcaixiao/Desktop/tempwork/src/github.com/aiwantaozi/infra-logging/vendor/github.com/go-openapi/jsonreference/.git
INFO[0634] removing '/Users/fengcaixiao/Desktop/tempwork/src/github.com/aiwantaozi/infra-logging/vendor/github.com/go-openapi/loads/.git
INFO[0634] removing '/Users/fengcaixiao/Desktop/tempwork/src/github.com/aiwantaozi/infra-logging/vendor/github.com/go-openapi/spec/.git
INFO[0634] removing '/Users/fengcaixiao/Desktop/tempwork/src/github.com/aiwantaozi/infra-logging/vendor/github.com/go-openapi/swag/.git
INFO[0634] removing '/Users/fengcaixiao/Desktop/tempwork/src/github.com/aiwantaozi/infra-logging/vendor/github.com/go-stack/stack/.git
INFO[0634] removing '/Users/fengcaixiao/Desktop/tempwork/src/github.com/aiwantaozi/infra-logging/vendor/github.com/gogo/protobuf/.git
INFO[0634] removing '/Users/fengcaixiao/Desktop/tempwork/src/github.com/aiwantaozi/infra-logging/vendor/github.com/golang/glog/.git
INFO[0634] removing '/Users/fengcaixiao/Desktop/tempwork/src/github.com/aiwantaozi/infra-logging/vendor/github.com/golang/protobuf/.git
INFO[0634] removing '/Users/fengcaixiao/Desktop/tempwork/src/github.com/aiwantaozi/infra-logging/vendor/github.com/google/btree/.git
INFO[0634] removing '/Users/fengcaixiao/Desktop/tempwork/src/github.com/aiwantaozi/infra-logging/vendor/github.com/google/gofuzz/.git
INFO[0634] removing '/Users/fengcaixiao/Desktop/tempwork/src/github.com/aiwantaozi/infra-logging/vendor/github.com/googleapis/gnostic/.git
INFO[0634] removing '/Users/fengcaixiao/Desktop/tempwork/src/github.com/aiwantaozi/infra-logging/vendor/github.com/gregjones/httpcache/.git
INFO[0634] removing '/Users/fengcaixiao/Desktop/tempwork/src/github.com/aiwantaozi/infra-logging/vendor/github.com/hashicorp/go-version/.git
INFO[0634] removing '/Users/fengcaixiao/Desktop/tempwork/src/github.com/aiwantaozi/infra-logging/vendor/github.com/hashicorp/golang-lru/.git
INFO[0634] removing '/Users/fengcaixiao/Desktop/tempwork/src/github.com/aiwantaozi/infra-logging/vendor/github.com/howeyc/gopass/.git
INFO[0634] removing '/Users/fengcaixiao/Desktop/tempwork/src/github.com/aiwantaozi/infra-logging/vendor/github.com/imdario/mergo/.git
INFO[0634] removing '/Users/fengcaixiao/Desktop/tempwork/src/github.com/aiwantaozi/infra-logging/vendor/github.com/json-iterator/go/.git
INFO[0634] removing '/Users/fengcaixiao/Desktop/tempwork/src/github.com/aiwantaozi/infra-logging/vendor/github.com/juju/ratelimit/.git
INFO[0634] removing '/Users/fengcaixiao/Desktop/tempwork/src/github.com/aiwantaozi/infra-logging/vendor/github.com/kr/logfmt/.git
INFO[0634] removing '/Users/fengcaixiao/Desktop/tempwork/src/github.com/aiwantaozi/infra-logging/vendor/github.com/mailru/easyjson/.git
INFO[0634] removing '/Users/fengcaixiao/Desktop/tempwork/src/github.com/aiwantaozi/infra-logging/vendor/github.com/matttproud/golang_protobuf_extensions/.git
INFO[0634] removing '/Users/fengcaixiao/Desktop/tempwork/src/github.com/aiwantaozi/infra-logging/vendor/github.com/petar/GoLLRB/.git
INFO[0634] removing '/Users/fengcaixiao/Desktop/tempwork/src/github.com/aiwantaozi/infra-logging/vendor/github.com/peterbourgon/diskv/.git
INFO[0634] removing '/Users/fengcaixiao/Desktop/tempwork/src/github.com/aiwantaozi/infra-logging/vendor/github.com/pkg/errors/.git
INFO[0634] removing '/Users/fengcaixiao/Desktop/tempwork/src/github.com/aiwantaozi/infra-logging/vendor/github.com/prometheus/client_golang/.git
INFO[0634] removing '/Users/fengcaixiao/Desktop/tempwork/src/github.com/aiwantaozi/infra-logging/vendor/github.com/prometheus/client_model/.git
INFO[0634] removing '/Users/fengcaixiao/Desktop/tempwork/src/github.com/aiwantaozi/infra-logging/vendor/github.com/prometheus/common/.git
INFO[0634] removing '/Users/fengcaixiao/Desktop/tempwork/src/github.com/aiwantaozi/infra-logging/vendor/github.com/prometheus/procfs/.git
INFO[0634] removing '/Users/fengcaixiao/Desktop/tempwork/src/github.com/aiwantaozi/infra-logging/vendor/github.com/satori/go.uuid/.git
INFO[0634] removing '/Users/fengcaixiao/Desktop/tempwork/src/github.com/aiwantaozi/infra-logging/vendor/github.com/spf13/pflag/.git
INFO[0634] removing '/Users/fengcaixiao/Desktop/tempwork/src/github.com/aiwantaozi/infra-logging/vendor/github.com/urfave/cli/.git
INFO[0634] removing '/Users/fengcaixiao/Desktop/tempwork/src/github.com/aiwantaozi/infra-logging/vendor/golang.org/x/crypto/.git
INFO[0634] removing '/Users/fengcaixiao/Desktop/tempwork/src/github.com/aiwantaozi/infra-logging/vendor/golang.org/x/net/.git
INFO[0634] removing '/Users/fengcaixiao/Desktop/tempwork/src/github.com/aiwantaozi/infra-logging/vendor/golang.org/x/sys/.git
INFO[0634] removing '/Users/fengcaixiao/Desktop/tempwork/src/github.com/aiwantaozi/infra-logging/vendor/golang.org/x/text/.git
INFO[0634] removing '/Users/fengcaixiao/Desktop/tempwork/src/github.com/aiwantaozi/infra-logging/vendor/gopkg.in/inf.v0/.git
INFO[0634] removing '/Users/fengcaixiao/Desktop/tempwork/src/github.com/aiwantaozi/infra-logging/vendor/gopkg.in/yaml.v2/.git
INFO[0634] removing '/Users/fengcaixiao/Desktop/tempwork/src/github.com/aiwantaozi/infra-logging/vendor/k8s.io/api/.git
INFO[0634] removing '/Users/fengcaixiao/Desktop/tempwork/src/github.com/aiwantaozi/infra-logging/vendor/k8s.io/apiextensions-apiserver/.git
INFO[0634] removing '/Users/fengcaixiao/Desktop/tempwork/src/github.com/aiwantaozi/infra-logging/vendor/k8s.io/apimachinery/.git
INFO[0634] removing '/Users/fengcaixiao/Desktop/tempwork/src/github.com/aiwantaozi/infra-logging/vendor/k8s.io/client-go/.git
INFO[0634] removing '/Users/fengcaixiao/Desktop/tempwork/src/github.com/aiwantaozi/infra-logging/vendor/k8s.io/kube-openapi/.git
INFO[0634] removing '/Users/fengcaixiao/Desktop/tempwork/src/github.com/aiwantaozi/infra-logging/vendor/k8s.io/kubernetes/.git
INFO[0635] Collecting packages in 'github.com/aiwantaozi/infra-logging'
ERRO[0635] tmp/main.go:48:6: expected 'package', found 'EOF'
INFO[0635] Collecting imports for package 'github.com/aiwantaozi/infra-logging/provider'
INFO[0635] Collecting imports for package 'github.com/aiwantaozi/infra-logging/operator/fluentd'
INFO[0635] Collecting imports for package 'github.com/aiwantaozi/infra-logging'
INFO[0635] Collecting imports for package 'github.com/aiwantaozi/infra-logging/config'
INFO[0635] Collecting imports for package 'github.com/aiwantaozi/infra-logging/provider/fluentd'
INFO[0635] Collecting CGO imports for package 'github.com/aiwantaozi/infra-logging/provider'
INFO[0635] Collecting CGO imports for package 'github.com/aiwantaozi/infra-logging'
INFO[0635] Collecting CGO imports for package 'github.com/aiwantaozi/infra-logging/config'
INFO[0635] Collecting CGO imports for package 'github.com/aiwantaozi/infra-logging/operator/fluentd'
INFO[0635] Collecting CGO imports for package 'github.com/aiwantaozi/infra-logging/provider/fluentd'
INFO[0635] Collecting imports for package 'k8s.io/apiextensions-apiserver/pkg/client/clientset/clientset'
INFO[0635] Collecting imports for package 'github.com/golang/glog'
INFO[0635] Collecting imports for package 'github.com/pkg/errors'
INFO[0635] Collecting CGO imports for package 'k8s.io/apiextensions-apiserver/pkg/client/clientset/clientset'
INFO[0635] Collecting imports for package 'github.com/urfave/cli'
INFO[0635] Collecting imports for package 'k8s.io/client-go/util/workqueue'
INFO[0635] Collecting imports for package 'github.com/aiwantaozi/infra-logging-client/logging/v1'
INFO[0635] Collecting CGO imports for package 'github.com/pkg/errors'
INFO[0635] Collecting imports for package 'k8s.io/client-go/tools/clientcmd'
INFO[0635] Collecting imports for package 'k8s.io/apimachinery/pkg/fields'
INFO[0635] Collecting imports for package 'github.com/aiwantaozi/infra-logging-client/logging'
INFO[0635] Collecting CGO imports for package 'k8s.io/client-go/util/workqueue'
INFO[0635] Collecting CGO imports for package 'github.com/aiwantaozi/infra-logging-client/logging'
INFO[0635] Collecting CGO imports for package 'k8s.io/apimachinery/pkg/fields'
INFO[0635] Collecting imports for package 'k8s.io/client-go/kubernetes'
INFO[0635] Collecting imports for package 'k8s.io/apimachinery/pkg/util/runtime'
INFO[0635] Collecting imports for package 'github.com/Sirupsen/logrus'
INFO[0635] Collecting imports for package 'k8s.io/apimachinery/pkg/api/meta'
INFO[0635] Collecting imports for package 'k8s.io/client-go/tools/cache'
INFO[0635] Collecting CGO imports for package 'k8s.io/apimachinery/pkg/util/runtime'
INFO[0635] Collecting imports for package 'k8s.io/client-go/rest'
INFO[0635] Collecting CGO imports for package 'github.com/aiwantaozi/infra-logging-client/logging/v1'
INFO[0635] Collecting CGO imports for package 'github.com/golang/glog'
INFO[0635] Collecting imports for package 'k8s.io/apimachinery/pkg/apis/meta/v1'
INFO[0635] Collecting CGO imports for package 'k8s.io/client-go/kubernetes'
INFO[0635] Collecting imports for package 'k8s.io/client-go/pkg/api'
INFO[0635] Collecting CGO imports for package 'github.com/urfave/cli'
INFO[0635] Collecting CGO imports for package 'k8s.io/apimachinery/pkg/api/meta'
INFO[0635] Collecting CGO imports for package 'github.com/Sirupsen/logrus'
INFO[0635] Collecting CGO imports for package 'k8s.io/client-go/tools/clientcmd'
INFO[0635] Collecting CGO imports for package 'k8s.io/client-go/rest'
INFO[0635] Collecting CGO imports for package 'k8s.io/client-go/tools/cache'
INFO[0635] Collecting CGO imports for package 'k8s.io/client-go/pkg/api'
INFO[0635] Collecting CGO imports for package 'k8s.io/apimachinery/pkg/apis/meta/v1'
INFO[0635] Collecting imports for package 'github.com/howeyc/gopass'
INFO[0635] Collecting imports for package 'k8s.io/apimachinery/pkg/util/diff'
INFO[0635] Collecting imports for package 'k8s.io/client-go/tools/metrics'
INFO[0635] Collecting imports for package 'k8s.io/apimachinery/pkg/apis/meta/v1/unstructured'
INFO[0635] Collecting imports for package 'k8s.io/apimachinery/pkg/util/cache'
INFO[0635] Collecting CGO imports for package 'k8s.io/client-go/tools/metrics'
INFO[0635] Collecting imports for package 'github.com/google/gofuzz'
INFO[0635] Collecting imports for package 'k8s.io/apimachinery/pkg/util/clock'
INFO[0635] Collecting imports for package 'k8s.io/client-go/rest/watch'
INFO[0635] Collecting imports for package 'k8s.io/apimachinery/pkg/apimachinery/announced'
INFO[0635] Collecting imports for package 'k8s.io/client-go/util/cert'
INFO[0635] Collecting imports for package 'k8s.io/client-go/kubernetes/typed/authentication/v1beta1'
INFO[0635] Collecting CGO imports for package 'k8s.io/apimachinery/pkg/util/clock'
INFO[0635] Collecting imports for package 'k8s.io/client-go/util/homedir'
INFO[0635] Collecting CGO imports for package 'github.com/google/gofuzz'
INFO[0635] Collecting imports for package 'k8s.io/client-go/kubernetes/typed/apps/v1beta1'
INFO[0635] Collecting CGO imports for package 'k8s.io/client-go/util/homedir'
INFO[0635] Collecting imports for package 'github.com/gogo/protobuf/sortkeys'
INFO[0635] Collecting imports for package 'k8s.io/apimachinery/pkg/selection'
INFO[0635] Collecting CGO imports for package 'k8s.io/apimachinery/pkg/selection'
INFO[0635] Collecting imports for package 'k8s.io/client-go/util/flowcontrol'
INFO[0635] Collecting CGO imports for package 'k8s.io/apimachinery/pkg/apis/meta/v1/unstructured'
INFO[0635] Collecting imports for package 'github.com/juju/ratelimit'
INFO[0635] Collecting CGO imports for package 'github.com/gogo/protobuf/sortkeys'
INFO[0635] Collecting imports for package 'k8s.io/client-go/tools/clientcmd/api'
INFO[0635] Collecting imports for package 'k8s.io/client-go/kubernetes/typed/storage/v1beta1'
INFO[0635] Collecting imports for package 'k8s.io/apiextensions-apiserver/pkg/client/clientset/clientset/typed/apiextensions/v1beta1'
INFO[0635] Collecting imports for package 'k8s.io/client-go/kubernetes/typed/authentication/v1'
INFO[0635] Collecting CGO imports for package 'github.com/juju/ratelimit'
INFO[0635] Collecting CGO imports for package 'k8s.io/apimachinery/pkg/apimachinery/announced'
INFO[0635] Collecting CGO imports for package 'k8s.io/client-go/tools/clientcmd/api'
INFO[0635] Collecting CGO imports for package 'k8s.io/client-go/util/cert'
INFO[0635] Collecting CGO imports for package 'k8s.io/client-go/kubernetes/typed/authentication/v1'
INFO[0635] Collecting imports for package 'k8s.io/apimachinery/pkg/util/wait'
INFO[0635] Collecting imports for package 'k8s.io/apimachinery/pkg/util/validation'
INFO[0635] Collecting imports for package 'k8s.io/client-go/kubernetes/typed/rbac/v1beta1'
INFO[0635] Collecting imports for package 'k8s.io/apimachinery/pkg/runtime/serializer/streaming'
INFO[0635] Collecting imports for package 'k8s.io/apimachinery/pkg/runtime/schema'
INFO[0635] Collecting imports for package 'k8s.io/client-go/kubernetes/typed/storage/v1'
INFO[0635] Collecting CGO imports for package 'k8s.io/apimachinery/pkg/util/cache'
INFO[0635] Collecting imports for package 'k8s.io/apimachinery/pkg/apis/meta/v1alpha1'
INFO[0635] Collecting imports for package 'github.com/spf13/pflag'
INFO[0635] Collecting CGO imports for package 'k8s.io/client-go/kubernetes/typed/storage/v1'
INFO[0635] Collecting imports for package 'k8s.io/client-go/pkg/version'
INFO[0635] Collecting imports for package 'k8s.io/apimachinery/pkg/util/net'
INFO[0635] Collecting CGO imports for package 'k8s.io/client-go/pkg/version'
INFO[0635] Collecting imports for package 'github.com/imdario/mergo'
INFO[0635] Collecting imports for package 'k8s.io/apimachinery/pkg/util/sets'
INFO[0635] Collecting imports for package 'k8s.io/apimachinery/pkg/apimachinery/registered'
INFO[0635] Collecting CGO imports for package 'k8s.io/client-go/kubernetes/typed/authentication/v1beta1'
INFO[0635] Collecting imports for package 'k8s.io/apimachinery/pkg/api/errors'
INFO[0635] Collecting imports for package 'k8s.io/client-go/discovery'
INFO[0635] Collecting CGO imports for package 'k8s.io/apimachinery/pkg/runtime/serializer/streaming'
INFO[0635] Collecting imports for package 'k8s.io/apimachinery/pkg/conversion'
INFO[0635] Collecting imports for package 'k8s.io/client-go/kubernetes/typed/policy/v1beta1'
INFO[0635] Collecting imports for package 'k8s.io/client-go/kubernetes/typed/admissionregistration/v1alpha1'
INFO[0635] Collecting imports for package 'k8s.io/client-go/kubernetes/typed/autoscaling/v2alpha1'
INFO[0635] Collecting imports for package 'k8s.io/client-go/tools/auth'
INFO[0635] Collecting CGO imports for package 'k8s.io/client-go/tools/auth'
INFO[0635] Collecting imports for package 'k8s.io/client-go/kubernetes/typed/batch/v2alpha1'
INFO[0635] Collecting CGO imports for package 'k8s.io/apimachinery/pkg/util/wait'
INFO[0635] Collecting imports for package 'k8s.io/client-go/kubernetes/typed/settings/v1alpha1'
INFO[0635] Collecting imports for package 'k8s.io/client-go/kubernetes/scheme'
INFO[0635] Collecting imports for package 'k8s.io/apimachinery/pkg/util/errors'
INFO[0635] Collecting CGO imports for package 'k8s.io/client-go/kubernetes/typed/admissionregistration/v1alpha1'
INFO[0635] Collecting imports for package 'k8s.io/apimachinery/pkg/openapi'
INFO[0635] Collecting imports for package 'k8s.io/apimachinery/pkg/api/resource'
INFO[0635] Collecting imports for package 'k8s.io/client-go/tools/clientcmd/api/latest'
INFO[0635] Collecting CGO imports for package 'github.com/howeyc/gopass'
INFO[0635] Collecting imports for package 'golang.org/x/crypto/ssh/terminal'
INFO[0635] Collecting CGO imports for package 'k8s.io/apiextensions-apiserver/pkg/client/clientset/clientset/typed/apiextensions/v1beta1'
INFO[0635] Collecting imports for package 'k8s.io/client-go/kubernetes/typed/networking/v1'
INFO[0635] Collecting imports for package 'k8s.io/apimachinery/pkg/watch'
INFO[0635] Collecting CGO imports for package 'k8s.io/apimachinery/pkg/api/errors'
INFO[0635] Collecting imports for package 'k8s.io/client-go/kubernetes/typed/autoscaling/v1'
INFO[0635] Collecting imports for package 'k8s.io/apimachinery/pkg/util/intstr'
INFO[0635] Collecting CGO imports for package 'k8s.io/client-go/rest/watch'
INFO[0635] Collecting imports for package 'github.com/gogo/protobuf/proto'
INFO[0635] Collecting imports for package 'k8s.io/apimachinery/pkg/runtime/serializer'
INFO[0635] Collecting imports for package 'k8s.io/client-go/transport'
INFO[0635] Collecting CGO imports for package 'k8s.io/client-go/kubernetes/typed/policy/v1beta1'
INFO[0635] Collecting imports for package 'k8s.io/client-go/dynamic'
INFO[0635] Collecting CGO imports for package 'k8s.io/client-go/kubernetes/typed/apps/v1beta1'
INFO[0635] Collecting imports for package 'k8s.io/client-go/kubernetes/typed/certificates/v1beta1'
INFO[0635] Collecting imports for package 'k8s.io/client-go/kubernetes/typed/rbac/v1alpha1'
INFO[0635] Collecting imports for package 'k8s.io/client-go/kubernetes/typed/extensions/v1beta1'
INFO[0635] Collecting imports for package 'k8s.io/apimachinery/pkg/runtime'
INFO[0635] Collecting CGO imports for package 'k8s.io/client-go/util/flowcontrol'
INFO[0635] Collecting CGO imports for package 'k8s.io/apimachinery/pkg/runtime/schema'
INFO[0635] Collecting CGO imports for package 'k8s.io/apimachinery/pkg/apimachinery/registered'
INFO[0635] Collecting imports for package 'k8s.io/client-go/kubernetes/typed/batch/v1'
INFO[0635] Collecting CGO imports for package 'k8s.io/client-go/kubernetes/scheme'
INFO[0635] Collecting CGO imports for package 'k8s.io/client-go/kubernetes/typed/rbac/v1beta1'
INFO[0635] Collecting CGO imports for package 'k8s.io/client-go/tools/clientcmd/api/latest'
INFO[0635] Collecting CGO imports for package 'k8s.io/apimachinery/pkg/openapi'
INFO[0635] Collecting imports for package 'k8s.io/apimachinery/pkg/types'
INFO[0635] Collecting imports for package 'k8s.io/apimachinery/pkg/labels'
INFO[0635] Collecting CGO imports for package 'k8s.io/apimachinery/pkg/types'
INFO[0635] Collecting CGO imports for package 'k8s.io/apimachinery/pkg/util/validation'
INFO[0635] Collecting CGO imports for package 'k8s.io/apimachinery/pkg/runtime/serializer'
INFO[0635] Collecting CGO imports for package 'github.com/imdario/mergo'
INFO[0635] Collecting CGO imports for package 'k8s.io/client-go/kubernetes/typed/autoscaling/v1'
INFO[0635] Collecting CGO imports for package 'k8s.io/apimachinery/pkg/util/errors'
INFO[0635] Collecting CGO imports for package 'k8s.io/client-go/kubernetes/typed/batch/v2alpha1'
INFO[0635] Collecting CGO imports for package 'k8s.io/client-go/kubernetes/typed/settings/v1alpha1'
INFO[0635] Collecting imports for package 'github.com/go-openapi/spec'
INFO[0635] Collecting imports for package 'k8s.io/client-go/kubernetes/typed/authorization/v1'
INFO[0635] Collecting imports for package 'k8s.io/client-go/kubernetes/typed/authorization/v1beta1'
INFO[0635] Collecting CGO imports for package 'k8s.io/client-go/kubernetes/typed/autoscaling/v2alpha1'
INFO[0635] Collecting CGO imports for package 'k8s.io/apimachinery/pkg/util/diff'
INFO[0635] Collecting CGO imports for package 'k8s.io/client-go/discovery'
INFO[0635] Collecting CGO imports for package 'k8s.io/apimachinery/pkg/util/sets'
INFO[0635] Collecting CGO imports for package 'k8s.io/client-go/kubernetes/typed/batch/v1'
INFO[0635] Collecting CGO imports for package 'k8s.io/client-go/kubernetes/typed/networking/v1'
INFO[0635] Collecting CGO imports for package 'golang.org/x/crypto/ssh/terminal'
INFO[0635] Collecting CGO imports for package 'k8s.io/apimachinery/pkg/watch'
INFO[0635] Collecting CGO imports for package 'k8s.io/client-go/kubernetes/typed/storage/v1beta1'
INFO[0635] Collecting CGO imports for package 'k8s.io/client-go/transport'
INFO[0635] Collecting CGO imports for package 'k8s.io/client-go/kubernetes/typed/rbac/v1alpha1'
INFO[0635] Collecting CGO imports for package 'k8s.io/apimachinery/pkg/util/intstr'
INFO[0635] Collecting CGO imports for package 'k8s.io/apimachinery/pkg/apis/meta/v1alpha1'
INFO[0635] Collecting CGO imports for package 'k8s.io/apimachinery/pkg/util/net'
INFO[0635] Collecting CGO imports for package 'k8s.io/client-go/kubernetes/typed/certificates/v1beta1'
INFO[0635] Collecting CGO imports for package 'k8s.io/apimachinery/pkg/labels'
INFO[0635] Collecting CGO imports for package 'k8s.io/apimachinery/pkg/conversion'
INFO[0635] Collecting CGO imports for package 'k8s.io/client-go/kubernetes/typed/authorization/v1'
INFO[0635] Collecting CGO imports for package 'k8s.io/client-go/kubernetes/typed/extensions/v1beta1'
INFO[0635] Collecting CGO imports for package 'k8s.io/apimachinery/pkg/api/resource'
INFO[0635] Collecting CGO imports for package 'k8s.io/client-go/dynamic'
INFO[0635] Collecting CGO imports for package 'k8s.io/client-go/kubernetes/typed/authorization/v1beta1'
INFO[0635] Collecting imports for package 'k8s.io/client-go/kubernetes/typed/core/v1'
INFO[0635] Collecting imports for package 'k8s.io/client-go/pkg/api/v1'
INFO[0635] Collecting CGO imports for package 'k8s.io/apimachinery/pkg/runtime'
INFO[0635] Collecting CGO imports for package 'github.com/spf13/pflag'
INFO[0635] Collecting CGO imports for package 'github.com/go-openapi/spec'
INFO[0635] Collecting imports for package 'golang.org/x/sys/unix'
INFO[0635] Collecting CGO imports for package 'k8s.io/client-go/kubernetes/typed/core/v1'
INFO[0635] Collecting CGO imports for package 'github.com/gogo/protobuf/proto'
INFO[0635] Collecting CGO imports for package 'k8s.io/client-go/pkg/api/v1'
INFO[0635] Collecting CGO imports for package 'golang.org/x/sys/unix'
INFO[0635] Collecting imports for package 'k8s.io/apimachinery/pkg/runtime/serializer/recognizer'
INFO[0635] Collecting imports for package 'k8s.io/apimachinery/pkg/util/rand'
INFO[0635] Collecting imports for package 'k8s.io/client-go/tools/clientcmd/api/v1'
INFO[0635] Collecting CGO imports for package 'k8s.io/apimachinery/pkg/util/rand'
INFO[0635] Collecting imports for package 'k8s.io/apimachinery/pkg/conversion/unstructured'
INFO[0635] Collecting imports for package 'k8s.io/client-go/pkg/api/v1/ref'
INFO[0635] Collecting imports for package 'k8s.io/apimachinery/pkg/runtime/serializer/protobuf'
INFO[0635] Collecting imports for package 'k8s.io/apiextensions-apiserver/pkg/client/clientset/clientset/scheme'
INFO[0635] Collecting imports for package 'k8s.io/apimachinery/pkg/version'
INFO[0635] Collecting CGO imports for package 'k8s.io/apimachinery/pkg/version'
INFO[0635] Collecting imports for package 'gopkg.in/inf.v0'
INFO[0635] Collecting imports for package 'k8s.io/apimachinery/pkg/runtime/serializer/versioning'
INFO[0635] Collecting imports for package 'github.com/ugorji/go/codec'
INFO[0635] Collecting imports for package 'k8s.io/apimachinery/pkg/runtime/serializer/json'
INFO[0635] Collecting imports for package 'k8s.io/client-go/pkg/apis/apps/v1beta1'
INFO[0635] Collecting imports for package 'k8s.io/client-go/pkg/apis/rbac/v1alpha1'
INFO[0635] Collecting CGO imports for package 'gopkg.in/inf.v0'
INFO[0635] Collecting imports for package 'k8s.io/apimachinery/pkg/util/validation/field'
INFO[0635] Collecting imports for package 'k8s.io/client-go/pkg/apis/batch/v2alpha1'
INFO[0635] Collecting imports for package 'k8s.io/client-go/pkg/apis/settings/v1alpha1'
INFO[0635] Collecting imports for package 'k8s.io/client-go/pkg/apis/batch/v1'
INFO[0635] Collecting imports for package 'k8s.io/client-go/pkg/apis/storage/v1'
INFO[0635] Collecting imports for package 'github.com/emicklei/go-restful'
INFO[0635] Collecting imports for package 'k8s.io/client-go/pkg/apis/extensions'
INFO[0635] Collecting imports for package 'k8s.io/client-go/pkg/apis/admissionregistration/v1alpha1'
INFO[0635] Collecting CGO imports for package 'k8s.io/apimachinery/pkg/runtime/serializer/recognizer'
INFO[0635] Collecting imports for package 'k8s.io/client-go/pkg/apis/autoscaling/v2alpha1'
INFO[0635] Collecting imports for package 'k8s.io/client-go/pkg/apis/certificates/v1beta1'
INFO[0635] Collecting imports for package 'k8s.io/client-go/pkg/apis/networking/v1'
INFO[0635] Collecting CGO imports for package 'k8s.io/apimachinery/pkg/runtime/serializer/versioning'
INFO[0635] Collecting imports for package 'k8s.io/client-go/util/integer'
INFO[0635] Collecting CGO imports for package 'k8s.io/apimachinery/pkg/util/validation/field'
INFO[0635] Collecting CGO imports for package 'k8s.io/client-go/pkg/apis/storage/v1'
INFO[0635] Collecting CGO imports for package 'k8s.io/client-go/util/integer'
INFO[0635] Collecting imports for package 'github.com/go-openapi/loads'
INFO[0635] Collecting imports for package 'k8s.io/client-go/pkg/apis/autoscaling/v1'
INFO[0635] Collecting CGO imports for package 'k8s.io/apimachinery/pkg/conversion/unstructured'
INFO[0635] Collecting CGO imports for package 'k8s.io/client-go/tools/clientcmd/api/v1'
INFO[0635] Collecting imports for package 'k8s.io/client-go/pkg/apis/rbac/v1beta1'
INFO[0635] Collecting CGO imports for package 'k8s.io/apimachinery/pkg/runtime/serializer/json'
INFO[0635] Collecting CGO imports for package 'k8s.io/apimachinery/pkg/runtime/serializer/protobuf'
INFO[0635] Collecting imports for package 'golang.org/x/net/http2'
INFO[0635] Collecting imports for package 'k8s.io/client-go/pkg/apis/authorization/v1'
INFO[0635] Collecting imports for package 'github.com/go-openapi/jsonpointer'
INFO[0635] Collecting imports for package 'k8s.io/client-go/pkg/apis/storage/v1beta1'
INFO[0635] Collecting imports for package 'k8s.io/apimachinery/third_party/forked/golang/reflect'
INFO[0635] Collecting imports for package 'k8s.io/apimachinery/pkg/conversion/queryparams'
INFO[0635] Collecting CGO imports for package 'k8s.io/apimachinery/pkg/conversion/queryparams'
INFO[0635] Collecting CGO imports for package 'k8s.io/apimachinery/third_party/forked/golang/reflect'
INFO[0635] Collecting CGO imports for package 'github.com/go-openapi/jsonpointer'
INFO[0635] Collecting imports for package 'github.com/go-openapi/swag'
INFO[0635] Collecting imports for package 'k8s.io/client-go/pkg/util/parsers'
INFO[0635] Collecting CGO imports for package 'github.com/emicklei/go-restful'
INFO[0635] Collecting CGO imports for package 'k8s.io/client-go/pkg/util/parsers'
INFO[0635] Collecting imports for package 'k8s.io/apiextensions-apiserver/pkg/apis/apiextensions/v1beta1'
INFO[0635] Collecting CGO imports for package 'k8s.io/client-go/pkg/apis/extensions'
INFO[0635] Collecting imports for package 'github.com/go-openapi/jsonreference'
INFO[0635] Collecting imports for package 'github.com/emicklei/go-restful-swagger12'
INFO[0635] Collecting CGO imports for package 'github.com/go-openapi/jsonreference'
INFO[0635] Collecting CGO imports for package 'github.com/go-openapi/loads'
INFO[0635] Collecting imports for package 'k8s.io/client-go/pkg/apis/authentication/v1'
INFO[0635] Collecting imports for package 'k8s.io/client-go/pkg/apis/authorization/v1beta1'
INFO[0635] Collecting imports for package 'k8s.io/client-go/pkg/util'
INFO[0635] Collecting imports for package 'k8s.io/client-go/pkg/apis/authentication/v1beta1'
INFO[0635] Collecting CGO imports for package 'k8s.io/client-go/pkg/api/v1/ref'
INFO[0635] Collecting imports for package 'k8s.io/apimachinery/pkg/apimachinery'
INFO[0635] Collecting CGO imports for package 'k8s.io/apiextensions-apiserver/pkg/client/clientset/clientset/scheme'
INFO[0635] Collecting CGO imports for package 'k8s.io/apimachinery/pkg/apimachinery'
INFO[0635] Collecting CGO imports for package 'k8s.io/client-go/pkg/util'
INFO[0635] Collecting CGO imports for package 'github.com/go-openapi/swag'
INFO[0635] Collecting imports for package 'github.com/hashicorp/golang-lru'
INFO[0635] Collecting imports for package 'golang.org/x/sys/windows'
INFO[0635] Collecting imports for package 'k8s.io/apimachinery/pkg/util/json'
INFO[0635] Collecting CGO imports for package 'k8s.io/apimachinery/pkg/util/json'
INFO[0635] Collecting CGO imports for package 'github.com/hashicorp/golang-lru'
INFO[0635] Collecting imports for package 'github.com/davecgh/go-spew/spew'
INFO[0635] Collecting imports for package 'k8s.io/client-go/pkg/apis/policy/v1beta1'
INFO[0635] Collecting CGO imports for package 'github.com/emicklei/go-restful-swagger12'
INFO[0635] Collecting CGO imports for package 'k8s.io/apiextensions-apiserver/pkg/apis/apiextensions/v1beta1'
INFO[0635] Collecting CGO imports for package 'k8s.io/client-go/pkg/apis/storage/v1beta1'
INFO[0635] Collecting CGO imports for package 'github.com/davecgh/go-spew/spew'
INFO[0635] Collecting CGO imports for package 'k8s.io/client-go/pkg/apis/settings/v1alpha1'
INFO[0635] Collecting CGO imports for package 'k8s.io/client-go/pkg/apis/batch/v1'
INFO[0635] Collecting CGO imports for package 'k8s.io/client-go/pkg/apis/authentication/v1'
INFO[0635] Collecting CGO imports for package 'k8s.io/client-go/pkg/apis/authentication/v1beta1'
INFO[0635] Collecting CGO imports for package 'k8s.io/client-go/pkg/apis/certificates/v1beta1'
INFO[0635] Collecting CGO imports for package 'k8s.io/client-go/pkg/apis/authorization/v1'
INFO[0635] Collecting CGO imports for package 'k8s.io/client-go/pkg/apis/policy/v1beta1'
INFO[0635] Collecting CGO imports for package 'k8s.io/client-go/pkg/apis/autoscaling/v2alpha1'
INFO[0635] Collecting CGO imports for package 'k8s.io/client-go/pkg/apis/rbac/v1beta1'
INFO[0635] Collecting imports for package 'k8s.io/client-go/pkg/apis/extensions/v1beta1'
INFO[0635] Collecting CGO imports for package 'k8s.io/client-go/pkg/apis/networking/v1'
INFO[0635] Collecting CGO imports for package 'k8s.io/client-go/pkg/apis/rbac/v1alpha1'
INFO[0635] Collecting CGO imports for package 'k8s.io/client-go/pkg/apis/authorization/v1beta1'
INFO[0635] Collecting CGO imports for package 'k8s.io/client-go/pkg/apis/batch/v2alpha1'
INFO[0635] Collecting CGO imports for package 'golang.org/x/net/http2'
INFO[0635] Collecting CGO imports for package 'k8s.io/client-go/pkg/apis/admissionregistration/v1alpha1'
INFO[0635] Collecting CGO imports for package 'golang.org/x/sys/windows'
INFO[0635] Collecting CGO imports for package 'k8s.io/client-go/pkg/apis/apps/v1beta1'
INFO[0635] Collecting CGO imports for package 'k8s.io/client-go/pkg/apis/autoscaling/v1'
INFO[0635] Collecting CGO imports for package 'github.com/ugorji/go/codec'
INFO[0635] Collecting CGO imports for package 'k8s.io/client-go/pkg/apis/extensions/v1beta1'
INFO[0635] Collecting imports for package 'k8s.io/apiextensions-apiserver/pkg/apis/apiextensions'
INFO[0635] Collecting imports for package 'github.com/mailru/easyjson/jwriter'
INFO[0635] Collecting imports for package 'github.com/hashicorp/golang-lru/simplelru'
INFO[0635] Collecting imports for package 'github.com/emicklei/go-restful/log'
INFO[0635] Collecting imports for package 'k8s.io/apimachinery/pkg/api/equality'
INFO[0635] Collecting imports for package 'github.com/docker/distribution/reference'
INFO[0635] Collecting CGO imports for package 'github.com/emicklei/go-restful/log'
INFO[0635] Collecting imports for package 'k8s.io/client-go/pkg/apis/networking'
INFO[0635] Collecting imports for package 'k8s.io/client-go/pkg/apis/authentication'
INFO[0635] Collecting CGO imports for package 'github.com/hashicorp/golang-lru/simplelru'
INFO[0635] Collecting CGO imports for package 'github.com/mailru/easyjson/jwriter'
INFO[0635] Collecting imports for package 'github.com/mailru/easyjson/jlexer'
INFO[0635] Collecting imports for package 'github.com/ghodss/yaml'
INFO[0635] Collecting imports for package 'k8s.io/client-go/pkg/apis/certificates'
INFO[0635] Collecting CGO imports for package 'k8s.io/apimachinery/pkg/api/equality'
INFO[0635] Collecting imports for package 'github.com/PuerkitoBio/purell'
INFO[0635] Collecting CGO imports for package 'github.com/docker/distribution/reference'
INFO[0635] Collecting imports for package 'k8s.io/apimachinery/pkg/util/yaml'
INFO[0635] Collecting imports for package 'k8s.io/client-go/pkg/apis/autoscaling'
INFO[0635] Collecting imports for package 'k8s.io/client-go/pkg/apis/settings'
INFO[0635] Collecting CGO imports for package 'k8s.io/apiextensions-apiserver/pkg/apis/apiextensions'
INFO[0635] Collecting imports for package 'k8s.io/client-go/pkg/apis/policy'
INFO[0635] Collecting imports for package 'golang.org/x/net/lex/httplex'
INFO[0635] Collecting CGO imports for package 'k8s.io/client-go/pkg/apis/authentication'
INFO[0635] Collecting imports for package 'k8s.io/apimachinery/pkg/util/framer'
INFO[0635] Collecting CGO imports for package 'golang.org/x/net/lex/httplex'
INFO[0635] Collecting imports for package 'k8s.io/client-go/pkg/apis/apps'
INFO[0635] Collecting CGO imports for package 'k8s.io/client-go/pkg/apis/settings'
INFO[0635] Collecting imports for package 'golang.org/x/net/http2/hpack'
INFO[0635] Collecting CGO imports for package 'k8s.io/apimachinery/pkg/util/framer'
INFO[0635] Collecting CGO imports for package 'github.com/ghodss/yaml'
INFO[0635] Collecting CGO imports for package 'github.com/PuerkitoBio/purell'
INFO[0635] Collecting CGO imports for package 'k8s.io/client-go/pkg/apis/networking'
INFO[0635] Collecting imports for package 'k8s.io/client-go/pkg/apis/batch'
INFO[0635] Collecting CGO imports for package 'k8s.io/client-go/pkg/apis/certificates'
INFO[0635] Collecting CGO imports for package 'k8s.io/apimachinery/pkg/util/yaml'
INFO[0635] Collecting CGO imports for package 'k8s.io/client-go/pkg/apis/apps'
INFO[0635] Collecting CGO imports for package 'github.com/mailru/easyjson/jlexer'
INFO[0635] Collecting CGO imports for package 'k8s.io/client-go/pkg/apis/policy'
INFO[0635] Collecting imports for package 'k8s.io/client-go/pkg/apis/storage'
INFO[0635] Collecting CGO imports for package 'k8s.io/client-go/pkg/apis/autoscaling'
INFO[0635] Collecting imports for package 'k8s.io/client-go/pkg/apis/authorization'
INFO[0635] Collecting imports for package 'k8s.io/client-go/pkg/apis/admissionregistration'
INFO[0635] Collecting imports for package 'k8s.io/client-go/pkg/apis/rbac'
INFO[0635] Collecting CGO imports for package 'k8s.io/client-go/pkg/apis/storage'
INFO[0635] Collecting CGO imports for package 'k8s.io/client-go/pkg/apis/batch'
INFO[0635] Collecting CGO imports for package 'k8s.io/client-go/pkg/apis/authorization'
INFO[0635] Collecting CGO imports for package 'golang.org/x/net/http2/hpack'
INFO[0635] Collecting CGO imports for package 'k8s.io/client-go/pkg/apis/admissionregistration'
INFO[0635] Collecting CGO imports for package 'k8s.io/client-go/pkg/apis/rbac'
INFO[0635] Collecting imports for package 'golang.org/x/net/idna'
INFO[0635] Collecting imports for package 'github.com/mailru/easyjson/buffer'
INFO[0635] Collecting imports for package 'github.com/PuerkitoBio/urlesc'
INFO[0635] Collecting imports for package 'golang.org/x/text/width'
INFO[0635] Collecting CGO imports for package 'github.com/mailru/easyjson/buffer'
INFO[0635] Collecting CGO imports for package 'github.com/PuerkitoBio/urlesc'
INFO[0635] Collecting imports for package 'golang.org/x/text/unicode/norm'
INFO[0635] Collecting imports for package 'gopkg.in/yaml.v2'
INFO[0635] Collecting CGO imports for package 'golang.org/x/net/idna'
INFO[0635] Collecting imports for package 'github.com/docker/distribution/digest'
INFO[0635] Collecting CGO imports for package 'github.com/docker/distribution/digest'
INFO[0635] Collecting CGO imports for package 'golang.org/x/text/width'
INFO[0635] Collecting CGO imports for package 'gopkg.in/yaml.v2'
INFO[0635] Collecting CGO imports for package 'golang.org/x/text/unicode/norm'
INFO[0635] Collecting imports for package 'golang.org/x/text/internal/ucd'
INFO[0635] Collecting imports for package 'golang.org/x/text/transform'
INFO[0635] Collecting imports for package 'golang.org/x/text/internal/gen'
INFO[0635] Collecting imports for package 'golang.org/x/text/internal/triegen'
INFO[0635] Collecting CGO imports for package 'golang.org/x/text/internal/ucd'
INFO[0635] Collecting CGO imports for package 'golang.org/x/text/internal/gen'
INFO[0635] Collecting CGO imports for package 'golang.org/x/text/internal/triegen'
INFO[0635] Collecting CGO imports for package 'golang.org/x/text/transform'
INFO[0635] Collecting imports for package 'golang.org/x/text/unicode/cldr'
INFO[0635] Collecting CGO imports for package 'golang.org/x/text/unicode/cldr'
INFO[0635] Removing unused dir: 'vendor/github.com/PuerkitoBio/purell/benchmarks'
INFO[0635] Removing unused dir: 'vendor/github.com/Sirupsen/logrus/hooks'
INFO[0635] Removing unused dir: 'vendor/github.com/aiwantaozi/infra-logging-client/.vscode'
INFO[0635] Removing unused dir: 'vendor/github.com/aiwantaozi/infra-logging-client/package'
INFO[0635] Removing unused dir: 'vendor/github.com/aiwantaozi/infra-logging-client/scripts'
INFO[0635] Removing unused dir: 'vendor/github.com/aiwantaozi/infra-logging-client/vendor'
INFO[0636] Removing unused dir: 'vendor/github.com/beorn7'
INFO[0636] Removing unused dir: 'vendor/github.com/blang'
INFO[0636] Removing unused dir: 'vendor/github.com/coreos'
INFO[0636] Removing unused dir: 'vendor/github.com/davecgh/go-spew/spew/testdata'
INFO[0636] Removing unused dir: 'vendor/github.com/emicklei/go-restful/examples'
INFO[0636] Removing unused dir: 'vendor/github.com/emicklei/go-restful-swagger12/test_package'
INFO[0636] Removing unused dir: 'vendor/github.com/go-fsnotify'
INFO[0636] Removing unused dir: 'vendor/github.com/go-kit'
INFO[0636] Removing unused dir: 'vendor/github.com/go-logfmt'
INFO[0636] Removing unused dir: 'vendor/github.com/go-openapi/jsonpointer/.github'
INFO[0636] Removing unused dir: 'vendor/github.com/go-openapi/jsonreference/.github'
INFO[0636] Removing unused dir: 'vendor/github.com/go-openapi/loads/.github'
INFO[0636] Removing unused dir: 'vendor/github.com/go-openapi/loads/fixtures'
INFO[0636] Removing unused dir: 'vendor/github.com/go-openapi/loads/fmts'
INFO[0636] Removing unused dir: 'vendor/github.com/go-openapi/loads/hack'
INFO[0636] Removing unused dir: 'vendor/github.com/go-openapi/spec/.github'
INFO[0636] Removing unused dir: 'vendor/github.com/go-openapi/spec/fixtures'
INFO[0636] Removing unused dir: 'vendor/github.com/go-openapi/spec/schemas'
INFO[0636] Removing unused dir: 'vendor/github.com/go-openapi/swag/.github'
INFO[0636] Removing unused dir: 'vendor/github.com/go-stack'
INFO[0636] Removing unused dir: 'vendor/github.com/gogo/protobuf/_conformance'
INFO[0636] Removing unused dir: 'vendor/github.com/gogo/protobuf/codec'
INFO[0636] Removing unused dir: 'vendor/github.com/gogo/protobuf/gogoproto'
INFO[0636] Removing unused dir: 'vendor/github.com/gogo/protobuf/gogoreplace'
INFO[0636] Removing unused dir: 'vendor/github.com/gogo/protobuf/io'
INFO[0636] Removing unused dir: 'vendor/github.com/gogo/protobuf/jsonpb'
INFO[0636] Removing unused dir: 'vendor/github.com/gogo/protobuf/plugin'
INFO[0636] Removing unused dir: 'vendor/github.com/gogo/protobuf/proto/proto3_proto'
INFO[0636] Removing unused dir: 'vendor/github.com/gogo/protobuf/proto/testdata'
INFO[0636] Removing unused dir: 'vendor/github.com/gogo/protobuf/protobuf'
INFO[0636] Removing unused dir: 'vendor/github.com/gogo/protobuf/protoc-gen-combo'
INFO[0636] Removing unused dir: 'vendor/github.com/gogo/protobuf/protoc-gen-gofast'
INFO[0636] Removing unused dir: 'vendor/github.com/gogo/protobuf/protoc-gen-gogo'
INFO[0636] Removing unused dir: 'vendor/github.com/gogo/protobuf/protoc-gen-gogofast'
INFO[0636] Removing unused dir: 'vendor/github.com/gogo/protobuf/protoc-gen-gogofaster'
INFO[0636] Removing unused dir: 'vendor/github.com/gogo/protobuf/protoc-gen-gogoslick'
INFO[0636] Removing unused dir: 'vendor/github.com/gogo/protobuf/protoc-gen-gogotypes'
INFO[0636] Removing unused dir: 'vendor/github.com/gogo/protobuf/protoc-gen-gostring'
INFO[0636] Removing unused dir: 'vendor/github.com/gogo/protobuf/protoc-min-version'
INFO[0636] Removing unused dir: 'vendor/github.com/gogo/protobuf/test'
INFO[0636] Removing unused dir: 'vendor/github.com/gogo/protobuf/types'
INFO[0636] Removing unused dir: 'vendor/github.com/gogo/protobuf/vanity'
INFO[0636] Removing unused dir: 'vendor/github.com/gogo/protobuf/version'
INFO[0636] Removing unused dir: 'vendor/github.com/golang/protobuf'
INFO[0636] Removing unused dir: 'vendor/github.com/google/btree'
INFO[0636] Removing unused dir: 'vendor/github.com/googleapis'
INFO[0636] Removing unused dir: 'vendor/github.com/gregjones'
INFO[0636] Removing unused dir: 'vendor/github.com/hashicorp/go-version'
INFO[0636] Removing unused dir: 'vendor/github.com/imdario/mergo/testdata'
INFO[0636] Removing unused dir: 'vendor/github.com/json-iterator'
INFO[0636] Removing unused dir: 'vendor/github.com/kr'
INFO[0636] Removing unused dir: 'vendor/github.com/mailru/easyjson/benchmark'
INFO[0636] Removing unused dir: 'vendor/github.com/mailru/easyjson/bootstrap'
INFO[0636] Removing unused dir: 'vendor/github.com/mailru/easyjson/easyjson'
INFO[0636] Removing unused dir: 'vendor/github.com/mailru/easyjson/gen'
INFO[0636] Removing unused dir: 'vendor/github.com/mailru/easyjson/opt'
INFO[0636] Removing unused dir: 'vendor/github.com/mailru/easyjson/parser'
INFO[0636] Removing unused dir: 'vendor/github.com/mailru/easyjson/tests'
INFO[0636] Removing unused dir: 'vendor/github.com/matttproud'
INFO[0636] Removing unused dir: 'vendor/github.com/petar'
INFO[0636] Removing unused dir: 'vendor/github.com/peterbourgon'
INFO[0636] Removing unused dir: 'vendor/github.com/prometheus'
INFO[0636] Removing unused dir: 'vendor/github.com/satori'
INFO[0636] Removing unused dir: 'vendor/github.com/sergi'
INFO[0636] Removing unused dir: 'vendor/github.com/spf13/pflag/verify'
INFO[0636] Removing unused dir: 'vendor/github.com/ugorji/go/codec/codecgen'
INFO[0636] Removing unused dir: 'vendor/github.com/urfave/cli/altsrc'
INFO[0636] Removing unused dir: 'vendor/github.com/urfave/cli/autocomplete'
INFO[0636] Removing unused dir: 'vendor/golang.org/x/crypto/acme'
INFO[0636] Removing unused dir: 'vendor/golang.org/x/crypto/bcrypt'
INFO[0636] Removing unused dir: 'vendor/golang.org/x/crypto/blake2b'
INFO[0636] Removing unused dir: 'vendor/golang.org/x/crypto/blake2s'
INFO[0636] Removing unused dir: 'vendor/golang.org/x/crypto/blowfish'
INFO[0636] Removing unused dir: 'vendor/golang.org/x/crypto/bn256'
INFO[0636] Removing unused dir: 'vendor/golang.org/x/crypto/cast5'
INFO[0636] Removing unused dir: 'vendor/golang.org/x/crypto/chacha20poly1305'
INFO[0636] Removing unused dir: 'vendor/golang.org/x/crypto/cryptobyte'
INFO[0636] Removing unused dir: 'vendor/golang.org/x/crypto/curve25519'
INFO[0636] Removing unused dir: 'vendor/golang.org/x/crypto/ed25519'
INFO[0636] Removing unused dir: 'vendor/golang.org/x/crypto/hkdf'
INFO[0636] Removing unused dir: 'vendor/golang.org/x/crypto/md4'
INFO[0636] Removing unused dir: 'vendor/golang.org/x/crypto/nacl'
INFO[0636] Removing unused dir: 'vendor/golang.org/x/crypto/ocsp'
INFO[0636] Removing unused dir: 'vendor/golang.org/x/crypto/openpgp'
INFO[0636] Removing unused dir: 'vendor/golang.org/x/crypto/otr'
INFO[0636] Removing unused dir: 'vendor/golang.org/x/crypto/pbkdf2'
INFO[0636] Removing unused dir: 'vendor/golang.org/x/crypto/pkcs12'
INFO[0636] Removing unused dir: 'vendor/golang.org/x/crypto/poly1305'
INFO[0636] Removing unused dir: 'vendor/golang.org/x/crypto/ripemd160'
INFO[0636] Removing unused dir: 'vendor/golang.org/x/crypto/salsa20'
INFO[0636] Removing unused dir: 'vendor/golang.org/x/crypto/scrypt'
INFO[0636] Removing unused dir: 'vendor/golang.org/x/crypto/sha3'
INFO[0636] Removing unused dir: 'vendor/golang.org/x/crypto/ssh/agent'
INFO[0636] Removing unused dir: 'vendor/golang.org/x/crypto/ssh/knownhosts'
INFO[0636] Removing unused dir: 'vendor/golang.org/x/crypto/ssh/test'
INFO[0636] Removing unused dir: 'vendor/golang.org/x/crypto/ssh/testdata'
INFO[0636] Removing unused dir: 'vendor/golang.org/x/crypto/tea'
INFO[0636] Removing unused dir: 'vendor/golang.org/x/crypto/twofish'
INFO[0636] Removing unused dir: 'vendor/golang.org/x/crypto/xtea'
INFO[0636] Removing unused dir: 'vendor/golang.org/x/crypto/xts'
INFO[0636] Removing unused dir: 'vendor/golang.org/x/net/bpf'
INFO[0636] Removing unused dir: 'vendor/golang.org/x/net/context'
INFO[0636] Removing unused dir: 'vendor/golang.org/x/net/dict'
INFO[0636] Removing unused dir: 'vendor/golang.org/x/net/html'
INFO[0636] Removing unused dir: 'vendor/golang.org/x/net/http2/h2demo'
INFO[0636] Removing unused dir: 'vendor/golang.org/x/net/http2/h2i'
INFO[0636] Removing unused dir: 'vendor/golang.org/x/net/http2/testdata'
INFO[0636] Removing unused dir: 'vendor/golang.org/x/net/icmp'
INFO[0636] Removing unused dir: 'vendor/golang.org/x/net/internal'
INFO[0636] Removing unused dir: 'vendor/golang.org/x/net/ipv4'
INFO[0636] Removing unused dir: 'vendor/golang.org/x/net/ipv6'
INFO[0636] Removing unused dir: 'vendor/golang.org/x/net/netutil'
INFO[0636] Removing unused dir: 'vendor/golang.org/x/net/proxy'
INFO[0636] Removing unused dir: 'vendor/golang.org/x/net/publicsuffix'
INFO[0636] Removing unused dir: 'vendor/golang.org/x/net/route'
INFO[0636] Removing unused dir: 'vendor/golang.org/x/net/trace'
INFO[0636] Removing unused dir: 'vendor/golang.org/x/net/webdav'
INFO[0636] Removing unused dir: 'vendor/golang.org/x/net/websocket'
INFO[0636] Removing unused dir: 'vendor/golang.org/x/net/xsrftoken'
INFO[0636] Removing unused dir: 'vendor/golang.org/x/sys/plan9'
INFO[0636] Removing unused dir: 'vendor/golang.org/x/sys/unix/linux'
INFO[0636] Removing unused dir: 'vendor/golang.org/x/sys/windows/registry'
INFO[0636] Removing unused dir: 'vendor/golang.org/x/sys/windows/svc'
INFO[0636] Removing unused dir: 'vendor/golang.org/x/text/cases'
INFO[0636] Removing unused dir: 'vendor/golang.org/x/text/cmd'
INFO[0636] Removing unused dir: 'vendor/golang.org/x/text/collate'
INFO[0636] Removing unused dir: 'vendor/golang.org/x/text/currency'
INFO[0636] Removing unused dir: 'vendor/golang.org/x/text/encoding'
INFO[0636] Removing unused dir: 'vendor/golang.org/x/text/feature'
INFO[0636] Removing unused dir: 'vendor/golang.org/x/text/internal/catmsg'
INFO[0636] Removing unused dir: 'vendor/golang.org/x/text/internal/colltab'
INFO[0636] Removing unused dir: 'vendor/golang.org/x/text/internal/export'
INFO[0636] Removing unused dir: 'vendor/golang.org/x/text/internal/format'
INFO[0636] Removing unused dir: 'vendor/golang.org/x/text/internal/number'
INFO[0636] Removing unused dir: 'vendor/golang.org/x/text/internal/stringset'
INFO[0636] Removing unused dir: 'vendor/golang.org/x/text/internal/tag'
INFO[0636] Removing unused dir: 'vendor/golang.org/x/text/internal/testtext'
INFO[0636] Removing unused dir: 'vendor/golang.org/x/text/internal/utf8internal'
INFO[0636] Removing unused dir: 'vendor/golang.org/x/text/language'
INFO[0636] Removing unused dir: 'vendor/golang.org/x/text/message'
INFO[0636] Removing unused dir: 'vendor/golang.org/x/text/number'
INFO[0636] Removing unused dir: 'vendor/golang.org/x/text/runes'
INFO[0636] Removing unused dir: 'vendor/golang.org/x/text/search'
INFO[0636] Removing unused dir: 'vendor/golang.org/x/text/secure'
INFO[0636] Removing unused dir: 'vendor/golang.org/x/text/unicode/bidi'
INFO[0636] Removing unused dir: 'vendor/golang.org/x/text/unicode/rangetable'
INFO[0636] Removing unused dir: 'vendor/golang.org/x/text/unicode/runenames'
INFO[0636] Removing unused dir: 'vendor/k8s.io/api'
INFO[0636] Removing unused dir: 'vendor/k8s.io/apiextensions-apiserver/Godeps'
INFO[0636] Removing unused dir: 'vendor/k8s.io/apiextensions-apiserver/artifacts'
INFO[0636] Removing unused dir: 'vendor/k8s.io/apiextensions-apiserver/examples'
INFO[0636] Removing unused dir: 'vendor/k8s.io/apiextensions-apiserver/hack'
INFO[0636] Removing unused dir: 'vendor/k8s.io/apiextensions-apiserver/pkg/apis/apiextensions/install'
INFO[0636] Removing unused dir: 'vendor/k8s.io/apiextensions-apiserver/pkg/apis/apiextensions/validation'
INFO[0636] Removing unused dir: 'vendor/k8s.io/apiextensions-apiserver/pkg/apiserver'
INFO[0636] Removing unused dir: 'vendor/k8s.io/apiextensions-apiserver/pkg/client/clientset/clientset/fake'
INFO[0636] Removing unused dir: 'vendor/k8s.io/apiextensions-apiserver/pkg/client/clientset/clientset/typed/apiextensions/v1beta1/fake'
INFO[0636] Removing unused dir: 'vendor/k8s.io/apiextensions-apiserver/pkg/client/clientset/internalclientset'
INFO[0636] Removing unused dir: 'vendor/k8s.io/apiextensions-apiserver/pkg/client/informers'
INFO[0636] Removing unused dir: 'vendor/k8s.io/apiextensions-apiserver/pkg/client/listers'
INFO[0636] Removing unused dir: 'vendor/k8s.io/apiextensions-apiserver/pkg/cmd'
INFO[0636] Removing unused dir: 'vendor/k8s.io/apiextensions-apiserver/pkg/controller'
INFO[0636] Removing unused dir: 'vendor/k8s.io/apiextensions-apiserver/pkg/registry'
INFO[0636] Removing unused dir: 'vendor/k8s.io/apiextensions-apiserver/test'
INFO[0636] Removing unused dir: 'vendor/k8s.io/apiextensions-apiserver/vendor'
INFO[0637] Removing unused dir: 'vendor/k8s.io/apimachinery/Godeps'
INFO[0637] Removing unused dir: 'vendor/k8s.io/apimachinery/hack'
INFO[0637] Removing unused dir: 'vendor/k8s.io/apimachinery/pkg/api/testing'
INFO[0637] Removing unused dir: 'vendor/k8s.io/apimachinery/pkg/api/validation'
INFO[0637] Removing unused dir: 'vendor/k8s.io/apimachinery/pkg/apis/meta/internalversion'
INFO[0637] Removing unused dir: 'vendor/k8s.io/apimachinery/pkg/apis/meta/v1/validation'
INFO[0637] Removing unused dir: 'vendor/k8s.io/apimachinery/pkg/runtime/serializer/recognizer/testing'
INFO[0637] Removing unused dir: 'vendor/k8s.io/apimachinery/pkg/runtime/serializer/yaml'
INFO[0637] Removing unused dir: 'vendor/k8s.io/apimachinery/pkg/util/httpstream'
INFO[0637] Removing unused dir: 'vendor/k8s.io/apimachinery/pkg/util/jsonmergepatch'
INFO[0637] Removing unused dir: 'vendor/k8s.io/apimachinery/pkg/util/mergepatch'
INFO[0637] Removing unused dir: 'vendor/k8s.io/apimachinery/pkg/util/remotecommand'
INFO[0637] Removing unused dir: 'vendor/k8s.io/apimachinery/pkg/util/sets/types'
INFO[0637] Removing unused dir: 'vendor/k8s.io/apimachinery/pkg/util/strategicpatch'
INFO[0637] Removing unused dir: 'vendor/k8s.io/apimachinery/pkg/util/uuid'
INFO[0637] Removing unused dir: 'vendor/k8s.io/apimachinery/third_party/forked/golang/json'
INFO[0637] Removing unused dir: 'vendor/k8s.io/apimachinery/third_party/forked/golang/netutil'
INFO[0637] Removing unused dir: 'vendor/k8s.io/apimachinery/vendor'
INFO[0637] Removing unused dir: 'vendor/k8s.io/client-go/.github'
INFO[0637] Removing unused dir: 'vendor/k8s.io/client-go/Godeps'
INFO[0637] Removing unused dir: 'vendor/k8s.io/client-go/discovery/fake'
INFO[0637] Removing unused dir: 'vendor/k8s.io/client-go/examples'
INFO[0637] Removing unused dir: 'vendor/k8s.io/client-go/informers'
INFO[0637] Removing unused dir: 'vendor/k8s.io/client-go/kubernetes/fake'
INFO[0637] Removing unused dir: 'vendor/k8s.io/client-go/kubernetes/typed/admissionregistration/v1alpha1/fake'
INFO[0637] Removing unused dir: 'vendor/k8s.io/client-go/kubernetes/typed/apps/v1beta1/fake'
INFO[0637] Removing unused dir: 'vendor/k8s.io/client-go/kubernetes/typed/authentication/v1/fake'
INFO[0637] Removing unused dir: 'vendor/k8s.io/client-go/kubernetes/typed/authentication/v1beta1/fake'
INFO[0637] Removing unused dir: 'vendor/k8s.io/client-go/kubernetes/typed/authorization/v1/fake'
INFO[0637] Removing unused dir: 'vendor/k8s.io/client-go/kubernetes/typed/authorization/v1beta1/fake'
INFO[0637] Removing unused dir: 'vendor/k8s.io/client-go/kubernetes/typed/autoscaling/v1/fake'
INFO[0637] Removing unused dir: 'vendor/k8s.io/client-go/kubernetes/typed/autoscaling/v2alpha1/fake'
INFO[0637] Removing unused dir: 'vendor/k8s.io/client-go/kubernetes/typed/batch/v1/fake'
INFO[0637] Removing unused dir: 'vendor/k8s.io/client-go/kubernetes/typed/batch/v2alpha1/fake'
INFO[0637] Removing unused dir: 'vendor/k8s.io/client-go/kubernetes/typed/certificates/v1beta1/fake'
INFO[0637] Removing unused dir: 'vendor/k8s.io/client-go/kubernetes/typed/core/v1/fake'
INFO[0637] Removing unused dir: 'vendor/k8s.io/client-go/kubernetes/typed/extensions/v1beta1/fake'
INFO[0637] Removing unused dir: 'vendor/k8s.io/client-go/kubernetes/typed/networking/v1/fake'
INFO[0637] Removing unused dir: 'vendor/k8s.io/client-go/kubernetes/typed/policy/v1beta1/fake'
INFO[0637] Removing unused dir: 'vendor/k8s.io/client-go/kubernetes/typed/rbac/v1alpha1/fake'
INFO[0637] Removing unused dir: 'vendor/k8s.io/client-go/kubernetes/typed/rbac/v1beta1/fake'
INFO[0637] Removing unused dir: 'vendor/k8s.io/client-go/kubernetes/typed/settings/v1alpha1/fake'
INFO[0637] Removing unused dir: 'vendor/k8s.io/client-go/kubernetes/typed/storage/v1/fake'
INFO[0637] Removing unused dir: 'vendor/k8s.io/client-go/kubernetes/typed/storage/v1beta1/fake'
INFO[0637] Removing unused dir: 'vendor/k8s.io/client-go/listers'
INFO[0637] Removing unused dir: 'vendor/k8s.io/client-go/pkg/api/helper'
INFO[0637] Removing unused dir: 'vendor/k8s.io/client-go/pkg/api/install'
INFO[0637] Removing unused dir: 'vendor/k8s.io/client-go/pkg/api/v1/node'
INFO[0637] Removing unused dir: 'vendor/k8s.io/client-go/pkg/api/v1/resource'
INFO[0637] Removing unused dir: 'vendor/k8s.io/client-go/pkg/apis/apps/install'
INFO[0637] Removing unused dir: 'vendor/k8s.io/client-go/pkg/apis/authentication/install'
INFO[0637] Removing unused dir: 'vendor/k8s.io/client-go/pkg/apis/authorization/install'
INFO[0637] Removing unused dir: 'vendor/k8s.io/client-go/pkg/apis/autoscaling/install'
INFO[0637] Removing unused dir: 'vendor/k8s.io/client-go/pkg/apis/batch/install'
INFO[0637] Removing unused dir: 'vendor/k8s.io/client-go/pkg/apis/certificates/install'
INFO[0637] Removing unused dir: 'vendor/k8s.io/client-go/pkg/apis/extensions/install'
INFO[0637] Removing unused dir: 'vendor/k8s.io/client-go/pkg/apis/policy/install'
INFO[0637] Removing unused dir: 'vendor/k8s.io/client-go/pkg/apis/rbac/install'
INFO[0637] Removing unused dir: 'vendor/k8s.io/client-go/pkg/apis/settings/install'
INFO[0637] Removing unused dir: 'vendor/k8s.io/client-go/pkg/apis/storage/install'
INFO[0637] Removing unused dir: 'vendor/k8s.io/client-go/plugin'
INFO[0637] Removing unused dir: 'vendor/k8s.io/client-go/rest/fake'
INFO[0637] Removing unused dir: 'vendor/k8s.io/client-go/testing'
INFO[0637] Removing unused dir: 'vendor/k8s.io/client-go/third_party'
INFO[0637] Removing unused dir: 'vendor/k8s.io/client-go/tools/cache/testing'
INFO[0637] Removing unused dir: 'vendor/k8s.io/client-go/tools/portforward'
INFO[0637] Removing unused dir: 'vendor/k8s.io/client-go/tools/record'
INFO[0637] Removing unused dir: 'vendor/k8s.io/client-go/tools/remotecommand'
INFO[0637] Removing unused dir: 'vendor/k8s.io/client-go/util/cert/testdata'
INFO[0637] Removing unused dir: 'vendor/k8s.io/client-go/util/cert/triple'
INFO[0637] Removing unused dir: 'vendor/k8s.io/client-go/util/exec'
INFO[0637] Removing unused dir: 'vendor/k8s.io/client-go/util/jsonpath'
INFO[0637] Removing unused dir: 'vendor/k8s.io/client-go/util/testing'
INFO[0637] Removing unused dir: 'vendor/k8s.io/client-go/vendor'
INFO[0637] Removing unused dir: 'vendor/k8s.io/kube-openapi'
INFO[0637] Removing unused dir: 'vendor/k8s.io/kubernetes'
WARN[0639] Package 'github.com/beorn7/perks' has been completely removed: it's probably useless (in vendor.conf)
WARN[0639] Package 'github.com/blang/semver' has been completely removed: it's probably useless (in vendor.conf)
WARN[0639] Package 'github.com/coreos/prometheus-operator' has been completely removed: it's probably useless (in vendor.conf)
WARN[0639] Package 'github.com/go-fsnotify/fsnotify' has been completely removed: it's probably useless (in vendor.conf)
WARN[0639] Package 'github.com/go-kit/kit' has been completely removed: it's probably useless (in vendor.conf)
WARN[0639] Package 'github.com/go-logfmt/logfmt' has been completely removed: it's probably useless (in vendor.conf)
WARN[0639] Package 'github.com/go-stack/stack' has been completely removed: it's probably useless (in vendor.conf)
WARN[0639] Package 'github.com/golang/protobuf' has been completely removed: it's probably useless (in vendor.conf)
WARN[0639] Package 'github.com/google/btree' has been completely removed: it's probably useless (in vendor.conf)
WARN[0639] Package 'github.com/googleapis/gnostic' has been completely removed: it's probably useless (in vendor.conf)
WARN[0639] Package 'github.com/gregjones/httpcache' has been completely removed: it's probably useless (in vendor.conf)
WARN[0639] Package 'github.com/hashicorp/go-version' has been completely removed: it's probably useless (in vendor.conf)
WARN[0639] Package 'github.com/json-iterator/go' has been completely removed: it's probably useless (in vendor.conf)
WARN[0639] Package 'github.com/kr/logfmt' has been completely removed: it's probably useless (in vendor.conf)
WARN[0639] Package 'github.com/matttproud/golang_protobuf_extensions' has been completely removed: it's probably useless (in vendor.conf)
WARN[0639] Package 'github.com/petar/GoLLRB' has been completely removed: it's probably useless (in vendor.conf)
WARN[0639] Package 'github.com/peterbourgon/diskv' has been completely removed: it's probably useless (in vendor.conf)
WARN[0639] Package 'github.com/prometheus/client_golang' has been completely removed: it's probably useless (in vendor.conf)
WARN[0639] Package 'github.com/prometheus/client_model' has been completely removed: it's probably useless (in vendor.conf)
WARN[0639] Package 'github.com/prometheus/common' has been completely removed: it's probably useless (in vendor.conf)
WARN[0639] Package 'github.com/prometheus/procfs' has been completely removed: it's probably useless (in vendor.conf)
WARN[0639] Package 'github.com/satori/go.uuid' has been completely removed: it's probably useless (in vendor.conf)
WARN[0639] Package 'github.com/sergi/go-diff/diffmatchpatch' has been completely removed: it's probably useless (in vendor.conf)
WARN[0639] Package 'k8s.io/api' has been completely removed: it's probably useless (in vendor.conf)
WARN[0639] Package 'k8s.io/kube-openapi' has been completely removed: it's probably useless (in vendor.conf)
WARN[0639] Package 'k8s.io/kubernetes' has been completely removed: it's probably useless (in vendor.conf)